<?xml version="1.0" encoding="UTF-8"?>
<!-- Generated by org.testng.reporters.JUnitXMLReporter -->
<testsuite ignored="0" hostname="LTIN486337" failures="0" tests="7" name="Test" time="86.044" errors="0" timestamp="2024-04-21T17:03:31 IST">
  <testcase classname="testFiles.worldClockTest" name="verifyUser" time="11.988"/>
  <testcase classname="testFiles.worldClockTest" name="verifyWorldClockText" time="3.252"/>
  <testcase classname="testFiles.worldClockTest" name="validateBangloreTimeZone" time="3.46"/>
  <testcase classname="testFiles.worldClockTest" name="validateLondonTimeZone" time="8.404"/>
  <testcase classname="testFiles.worldClockTest" name="validateNewYorkTimeZone" time="4.655"/>
  <testcase classname="testFiles.worldClockTest" name="validateHotApps" time="27.534"/>
  <testcase classname="testFiles.worldClockTest" name="validateRandomApp" time="14.446"/>
</testsuite> <!-- Test -->
